0 info it worked if it ends with ok
1 verbose cli [ 'C:\\Program Files\\nodejs\\node.exe',
1 verbose cli   'C:\\Program Files\\nodejs\\node_modules\\npm\\bin\\npm-cli.js',
1 verbose cli   'run',
1 verbose cli   'dev' ]
2 info using npm@3.10.10
3 info using node@v6.9.4
4 verbose run-script [ 'predev', 'dev', 'postdev' ]
5 info lifecycle subtitle-editor@0.0.0~predev: subtitle-editor@0.0.0
6 silly lifecycle subtitle-editor@0.0.0~predev: no script for predev, continuing
7 info lifecycle subtitle-editor@0.0.0~dev: subtitle-editor@0.0.0
8 verbose lifecycle subtitle-editor@0.0.0~dev: unsafe-perm in lifecycle true
9 verbose lifecycle subtitle-editor@0.0.0~dev: PATH: C:\Program Files\nodejs\node_modules\npm\bin\node-gyp-bin;C:\Users\simonwallin\Desktop\config\node_modules\.bin;C:\ProgramData\Oracle\Java\javapath;C:\Perl64\site\bin;C:\Perl64\bin;C:\Program Files (x86)\Intel\iCLS Client\;C:\Program Files\Intel\iCLS Client\;C:\windows\system32;C:\windows;C:\windows\System32\Wbem;C:\windows\System32\WindowsPowerShell\v1.0\;C:\Program Files (x86)\Intel\Intel(R) Management Engine Components\DAL;C:\Program Files\Intel\Intel(R) Management Engine Components\DAL;C:\Program Files (x86)\Intel\Intel(R) Management Engine Components\IPT;C:\Program Files\Intel\Intel(R) Management Engine Components\IPT;C:\Program Files\Intel\WiFi\bin\;C:\Program Files\Common Files\Intel\WirelessCommon\;C:\Program Files\Lenovo\Touch Fingerprint Software\;C:\Program Files (x86)\Common Files\Lenovo;C:\ProgramData\Lenovo\ReadyApps;C:\Program Files\Git\cmd;C:\Program Files (x86)\Heroku\bin;C:\Program Files (x86)\git\cmd;C:\Program Files (x86)\Git\cmd;C:\Program Files\nodejs\;C:\Program Files\Microsoft SQL Server\110\Tools\Binn\;C:\Program Files (x86)\Skype\Phone\;C:\ProgramData\chocolatey\bin;C:\Program Files\Java\jdk1.8.0_121\bin;C:\Android\android-sdk\tools;C:\Android\android-sdk\platform-tools;C:\Program Files\MySQL\MySQL Utilities 1.6\;C:\Perl64\site\bin;C:\Perl64\bin;C:\Program Files (x86)\Intel\iCLS Client\;C:\Program Files\Intel\iCLS Client\;C:\windows\system32;C:\windows;C:\windows\System32\Wbem;C:\windows\System32\WindowsPowerShell\v1.0\;C:\Program Files (x86)\Intel\Intel(R) Management Engine Components\DAL;C:\Program Files\Intel\Intel(R) Management Engine Components\DAL;C:\Program Files (x86)\Intel\Intel(R) Management Engine Components\IPT;C:\Program Files\Intel\Intel(R) Management Engine Components\IPT;C:\Program Files\Intel\WiFi\bin\;C:\Program Files\Common Files\Intel\WirelessCommon\;C:\Program Files\Lenovo\Touch Fingerprint Software\;C:\Program Files (x86)\Common Files\Lenovo;C:\ProgramData\Lenovo\ReadyApps;C:\Program Files\Git\cmd;C:\scripts\test.py;C:\ffmpeg\ffmpeg\bin;C:\Program Files\MongoDB\Server\3.4\bin;C:\Users\simonwallin\AppData\Roaming\npm;C:\Python27;C:\Users\simonwallin\Dropbox\scripts;C:\Python27\Scripts;
10 verbose lifecycle subtitle-editor@0.0.0~dev: CWD: C:\Users\simonwallin\Desktop\config
11 silly lifecycle subtitle-editor@0.0.0~dev: Args: [ '/d /s /c',
11 silly lifecycle   'START/b webpack -d --watch && nodemon ./bin/www' ]
12 silly lifecycle subtitle-editor@0.0.0~dev: Returned: code: 3221225786  signal: null
13 info lifecycle subtitle-editor@0.0.0~dev: Failed to exec dev script
14 verbose stack Error: subtitle-editor@0.0.0 dev: `START/b webpack -d --watch && nodemon ./bin/www`
14 verbose stack Exit status 3221225786
14 verbose stack     at EventEmitter.<anonymous> (C:\Program Files\nodejs\node_modules\npm\lib\utils\lifecycle.js:255:16)
14 verbose stack     at emitTwo (events.js:106:13)
14 verbose stack     at EventEmitter.emit (events.js:191:7)
14 verbose stack     at ChildProcess.<anonymous> (C:\Program Files\nodejs\node_modules\npm\lib\utils\spawn.js:40:14)
14 verbose stack     at emitTwo (events.js:106:13)
14 verbose stack     at ChildProcess.emit (events.js:191:7)
14 verbose stack     at maybeClose (internal/child_process.js:877:16)
14 verbose stack     at Process.ChildProcess._handle.onexit (internal/child_process.js:226:5)
15 verbose pkgid subtitle-editor@0.0.0
16 verbose cwd C:\Users\simonwallin\Desktop\config
17 error Windows_NT 6.1.7601
18 error argv "C:\\Program Files\\nodejs\\node.exe" "C:\\Program Files\\nodejs\\node_modules\\npm\\bin\\npm-cli.js" "run" "dev"
19 error node v6.9.4
20 error npm  v3.10.10
21 error code ELIFECYCLE
22 error subtitle-editor@0.0.0 dev: `START/b webpack -d --watch && nodemon ./bin/www`
22 error Exit status 3221225786
23 error Failed at the subtitle-editor@0.0.0 dev script 'START/b webpack -d --watch && nodemon ./bin/www'.
23 error Make sure you have the latest version of node.js and npm installed.
23 error If you do, this is most likely a problem with the subtitle-editor package,
23 error not with npm itself.
23 error Tell the author that this fails on your system:
23 error     START/b webpack -d --watch && nodemon ./bin/www
23 error You can get information on how to open an issue for this project with:
23 error     npm bugs subtitle-editor
23 error Or if that isn't available, you can get their info via:
23 error     npm owner ls subtitle-editor
23 error There is likely additional logging output above.
24 verbose exit [ 1, true ]
